info: 🐍 Starting Python ML Service... {"timestamp":"2026-07-10T16:08:51.151Z"}
info: 🐍 Python service exited with code 1 {"timestamp":"2026-07-10T16:08:55.318Z"}
info: 🐍 Starting Python ML Service... {"timestamp":"2026-07-10T16:29:21.552Z"}
info: 🐍 Stopping Python ML Service... {"timestamp":"2026-07-10T16:30:22.802Z"}
info: 🐍 Starting Python ML Service... {"timestamp":"2026-07-10T16:30:31.175Z"}
info: 🐍 Stopping Python ML Service... {"timestamp":"2026-07-10T16:31:52.370Z"}
info: 🐍 Starting Python ML Service... {"timestamp":"2026-07-10T16:32:01.402Z"}
info: 🐍 Python service exited with code 1 {"timestamp":"2026-07-10T16:32:04.888Z"}
info: 🐍 Starting Python ML Service... {"timestamp":"2026-07-10T16:33:09.533Z"}
info: 🐍 Stopping Python ML Service... {"timestamp":"2026-07-10T16:41:42.412Z"}
info: 🐍 Starting Python ML Service... {"timestamp":"2026-07-10T16:41:53.829Z"}
info: 🐍 Starting Python ML Service... {"timestamp":"2026-07-10T16:52:59.831Z"}
info: 🐍 Starting Python ML Service... {"timestamp":"2026-07-10T16:53:10.662Z"}
info: 🐍 Python ML Service is already running. {"timestamp":"2026-07-10T16:53:18.266Z"}
info: 🐍 Starting Python ML Service... {"timestamp":"2026-07-10T16:55:11.933Z"}
info: 🐍 Python ML Service is already running. {"timestamp":"2026-07-10T16:55:31.690Z"}
error: Python service unavailable: Invalid URL {"timestamp":"2026-07-11T15:51:03.092Z"}
warn: ⚠ Python ML Service is unavailable. {"timestamp":"2026-07-11T15:51:03.097Z"}
error: Python service unavailable:  {"timestamp":"2026-07-11T16:52:39.502Z"}
warn: ⚠ Python ML Service is unavailable. {"timestamp":"2026-07-11T16:52:39.504Z"}
error: Python service unavailable: ECONNREFUSED {"timestamp":"2026-07-11T16:53:22.554Z"}
warn: ⚠ Python ML Service is unavailable. {"timestamp":"2026-07-11T16:53:22.557Z"}
info: Python service is managed independently. {"timestamp":"2026-07-11T16:57:28.462Z"}
error: Python service unavailable: ECONNREFUSED {"timestamp":"2026-07-13T16:55:55.947Z"}
warn: ⚠ Python ML Service is unavailable. {"timestamp":"2026-07-13T16:55:55.950Z"}
error: Python service unavailable: ECONNREFUSED {"timestamp":"2026-07-13T17:03:40.292Z"}
warn: ⚠ Python ML Service is unavailable. {"timestamp":"2026-07-13T17:03:40.293Z"}
error: Python service unavailable: ECONNREFUSED {"timestamp":"2026-07-13T17:03:53.552Z"}
warn: ⚠ Python ML Service is unavailable. {"timestamp":"2026-07-13T17:03:53.554Z"}
error: Python service unavailable: ECONNREFUSED {"timestamp":"2026-07-13T17:10:18.256Z"}
warn: ⚠ Python ML Service is unavailable. {"timestamp":"2026-07-13T17:10:18.260Z"}
info: Python service is managed independently. {"timestamp":"2026-07-13T17:10:29.362Z"}
error: Python service unavailable: ECONNREFUSED {"timestamp":"2026-07-13T17:10:33.636Z"}
warn: ⚠ Python ML Service is unavailable. {"timestamp":"2026-07-13T17:10:33.638Z"}
info: Python service is managed independently. {"timestamp":"2026-07-13T17:12:29.122Z"}
error: Python service unavailable: ECONNREFUSED {"timestamp":"2026-07-14T15:01:04.348Z"}
warn: ⚠ Python ML Service is unavailable. {"timestamp":"2026-07-14T15:01:04.352Z"}
info: 🐍 Starting Python ML service... {"timestamp":"2026-07-14T15:07:45.943Z"}
error: Failed to start Python ML service: spawn python ENOENT {"timestamp":"2026-07-14T15:07:45.960Z"}
warn: Ensure Python is installed and the venv is set up in backend/ml/ {"timestamp":"2026-07-14T15:07:45.960Z"}
info: ⏳ Waiting for Python ML service... (1/40) {"timestamp":"2026-07-14T15:07:47.473Z"}
info: ⏳ Waiting for Python ML service... (2/40) {"timestamp":"2026-07-14T15:07:48.994Z"}
info: ⏳ Waiting for Python ML service... (3/40) {"timestamp":"2026-07-14T15:07:50.506Z"}
info: ⏳ Waiting for Python ML service... (4/40) {"timestamp":"2026-07-14T15:07:52.017Z"}
info: ⏳ Waiting for Python ML service... (5/40) {"timestamp":"2026-07-14T15:07:53.523Z"}
info: ⏳ Waiting for Python ML service... (6/40) {"timestamp":"2026-07-14T15:07:55.035Z"}
info: ⏳ Waiting for Python ML service... (7/40) {"timestamp":"2026-07-14T15:07:56.549Z"}
info: ⏳ Waiting for Python ML service... (8/40) {"timestamp":"2026-07-14T15:07:58.064Z"}
info: ⏳ Waiting for Python ML service... (9/40) {"timestamp":"2026-07-14T15:07:59.569Z"}
info: ⏳ Waiting for Python ML service... (10/40) {"timestamp":"2026-07-14T15:08:01.073Z"}
info: ⏳ Waiting for Python ML service... (11/40) {"timestamp":"2026-07-14T15:08:02.585Z"}
info: ⏳ Waiting for Python ML service... (12/40) {"timestamp":"2026-07-14T15:08:04.088Z"}
info: ⏳ Waiting for Python ML service... (13/40) {"timestamp":"2026-07-14T15:08:05.597Z"}
info: ⏳ Waiting for Python ML service... (14/40) {"timestamp":"2026-07-14T15:08:07.107Z"}
info: ⏳ Waiting for Python ML service... (15/40) {"timestamp":"2026-07-14T15:08:08.618Z"}
info: ⏳ Waiting for Python ML service... (16/40) {"timestamp":"2026-07-14T15:08:10.129Z"}
info: ⏳ Waiting for Python ML service... (17/40) {"timestamp":"2026-07-14T15:08:11.641Z"}
info: ⏳ Waiting for Python ML service... (18/40) {"timestamp":"2026-07-14T15:08:13.159Z"}
info: ⏳ Waiting for Python ML service... (19/40) {"timestamp":"2026-07-14T15:08:14.674Z"}
info: ⏳ Waiting for Python ML service... (20/40) {"timestamp":"2026-07-14T15:08:16.184Z"}
info: ⏳ Waiting for Python ML service... (21/40) {"timestamp":"2026-07-14T15:08:17.717Z"}
info: ⏳ Waiting for Python ML service... (22/40) {"timestamp":"2026-07-14T15:08:19.229Z"}
info: ⏳ Waiting for Python ML service... (23/40) {"timestamp":"2026-07-14T15:08:20.751Z"}
info: ⏳ Waiting for Python ML service... (24/40) {"timestamp":"2026-07-14T15:08:22.272Z"}
info: ⏳ Waiting for Python ML service... (25/40) {"timestamp":"2026-07-14T15:08:23.796Z"}
info: ⏳ Waiting for Python ML service... (26/40) {"timestamp":"2026-07-14T15:08:25.305Z"}
info: ⏳ Waiting for Python ML service... (27/40) {"timestamp":"2026-07-14T15:08:26.832Z"}
info: ⏳ Waiting for Python ML service... (28/40) {"timestamp":"2026-07-14T15:08:28.343Z"}
info: ⏳ Waiting for Python ML service... (29/40) {"timestamp":"2026-07-14T15:08:29.860Z"}
info: ⏳ Waiting for Python ML service... (30/40) {"timestamp":"2026-07-14T15:08:31.370Z"}
info: ⏳ Waiting for Python ML service... (31/40) {"timestamp":"2026-07-14T15:08:32.895Z"}
info: ⏳ Waiting for Python ML service... (32/40) {"timestamp":"2026-07-14T15:08:34.404Z"}
info: ⏳ Waiting for Python ML service... (33/40) {"timestamp":"2026-07-14T15:08:35.911Z"}
info: ⏳ Waiting for Python ML service... (34/40) {"timestamp":"2026-07-14T15:08:37.429Z"}
info: ⏳ Waiting for Python ML service... (35/40) {"timestamp":"2026-07-14T15:08:38.945Z"}
info: ⏳ Waiting for Python ML service... (36/40) {"timestamp":"2026-07-14T15:08:40.463Z"}
info: ⏳ Waiting for Python ML service... (37/40) {"timestamp":"2026-07-14T15:08:41.979Z"}
info: ⏳ Waiting for Python ML service... (38/40) {"timestamp":"2026-07-14T15:08:43.494Z"}
info: ⏳ Waiting for Python ML service... (39/40) {"timestamp":"2026-07-14T15:08:45.013Z"}
info: ⏳ Waiting for Python ML service... (40/40) {"timestamp":"2026-07-14T15:08:46.574Z"}
warn: ⚠ Python ML Service did not respond in time. Recommendations may be unavailable. {"timestamp":"2026-07-14T15:08:46.586Z"}
info: 🐍 Starting Python ML service... {"timestamp":"2026-07-14T16:23:34.231Z"}
error: Failed to start Python ML service: spawn python ENOENT {"timestamp":"2026-07-14T16:23:34.238Z"}
warn: Ensure Python is installed and the venv is set up in backend/ml/ {"timestamp":"2026-07-14T16:23:34.238Z"}
info: ⏳ Waiting for Python ML service... (1/40) {"timestamp":"2026-07-14T16:23:35.752Z"}
